Unity Editor version:    2021.3.8f1 (b30333d56e81)
Branch:                  2021.3/staging
Build type:              Release
Batch mode:              YES
macOS version:           Version 10.15.7 (Build 19H2026)
Darwin version:          19.6.0
Architecture:            x86_64
Running under Rosetta:   NO
Available memory:        32768 MB
Using pre-set license
Pro License: YES

COMMAND LINE ARGUMENTS:
/Applications/Unity/Unity.app/Contents/MacOS/Unity
-adb2
-batchMode
-noUpm
-name
AssetImportWorker2
-projectPath
/Users/student/Documents/GitHub/MTEC2120GUN/Mtecgun
-logFile
Logs/AssetImportWorker2.log
-srvPort
63712
Successfully changed project path to: /Users/student/Documents/GitHub/MTEC2120GUN/Mtecgun
/Users/student/Documents/GitHub/MTEC2120GUN/Mtecgun
[UnityMemory] Configuration Parameters - Can be set up in boot.config
    "memorysetup-bucket-allocator-granularity=16"
    "memorysetup-bucket-allocator-bucket-count=8"
    "memorysetup-bucket-allocator-block-size=33554432"
    "memorysetup-bucket-allocator-block-count=8"
    "memorysetup-main-allocator-block-size=16777216"
    "memorysetup-thread-allocator-block-size=16777216"
    "memorysetup-gfx-main-allocator-block-size=16777216"
    "memorysetup-gfx-thread-allocator-block-size=16777216"
    "memorysetup-cache-allocator-block-size=4194304"
    "memorysetup-typetree-allocator-block-size=2097152"
    "memorysetup-profiler-bucket-allocator-granularity=16"
    "memorysetup-profiler-bucket-allocator-bucket-count=8"
    "memorysetup-profiler-bucket-allocator-block-size=33554432"
    "memorysetup-profiler-bucket-allocator-block-count=8"
    "memorysetup-profiler-allocator-block-size=16777216"
    "memorysetup-profiler-editor-allocator-block-size=1048576"
    "memorysetup-temp-allocator-size-main=16777216"
    "memorysetup-job-temp-allocator-block-size=2097152"
    "memorysetup-job-temp-allocator-block-size-background=1048576"
    "memorysetup-job-temp-allocator-reduction-small-platforms=262144"
    "memorysetup-temp-allocator-size-background-worker=32768"
    "memorysetup-temp-allocator-size-job-worker=262144"
    "memorysetup-temp-allocator-size-preload-manager=33554432"
    "memorysetup-temp-allocator-size-nav-mesh-worker=65536"
    "memorysetup-temp-allocator-size-audio-worker=65536"
    "memorysetup-temp-allocator-size-cloud-worker=32768"
    "memorysetup-temp-allocator-size-gi-baking-worker=262144"
    "memorysetup-temp-allocator-size-gfx=262144"
Refreshing native plugins compatible for Editor in 92.12 ms, found 2 plugins.
Preloading 0 native plugins for Editor in 0.00 ms.
Initialize engine version: 2021.3.8f1 (b30333d56e81)
[Subsystems] Discovering subsystems at path /Applications/Unity/Unity.app/Contents/Resources/UnitySubsystems
[Subsystems] Discovering subsystems at path /Users/student/Documents/GitHub/MTEC2120GUN/Mtecgun/Assets
GfxDevice: creating device client; threaded=0; jobified=0
DELL P2715Q preferred device: AMD Radeon HD - FirePro D700 (high power)
Metal devices available: 2
0: AMD Radeon HD - FirePro D700 (high power)
1: AMD Radeon HD - FirePro D700 (high power)
Using device AMD Radeon HD - FirePro D700 (high power)
Initializing Metal device caps: AMD Radeon HD - FirePro D700
Initialize mono
Mono path[0] = '/Applications/Unity/Unity.app/Contents/Managed'
Mono path[1] = '/Applications/Unity/Unity.app/Contents/MonoBleedingEdge/lib/mono/unityjit-macos'
Mono config path = '/Applications/Unity/Unity.app/Contents/MonoBleedingEdge/etc'
Using monoOptions --debugger-agent=transport=dt_socket,embedding=1,server=y,suspend=n,address=127.0.0.1:56825
Begin MonoManager ReloadAssembly
Registering precompiled unity dll's ...
Register platform support module: /Applications/Unity/Unity.app/Contents/PlaybackEngines/MacStandaloneSupport/UnityEditor.OSXStandalone.Extensions.dll
Registered in 0.001386 seconds.
Native extension for OSXStandalone target not found
Refreshing native plugins compatible for Editor in 86.39 ms, found 2 plugins.
Preloading 0 native plugins for Editor in 0.00 ms.
Mono: successfully reloaded assembly
- Completed reload, in  1.019 seconds
Domain Reload Profiling:
	ReloadAssembly (1020ms)
		BeginReloadAssembly (123ms)
			ExecutionOrderSort (0ms)
			DisableScriptedObjects (0ms)
			BackupInstance (0ms)
			ReleaseScriptingObjects (0ms)
			CreateAndSetChildDomain (1ms)
		EndReloadAssembly (715ms)
			LoadAssemblies (122ms)
			RebuildTransferFunctionScriptingTraits (0ms)
			SetupTypeCache (190ms)
			ReleaseScriptCaches (0ms)
			RebuildScriptCaches (52ms)
			SetupLoadedEditorAssemblies (399ms)
				LogAssemblyErrors (0ms)
				InitializePlatformSupportModulesInManaged (9ms)
				SetLoadedEditorAssemblies (0ms)
				RefreshPlugins (86ms)
				BeforeProcessingInitializeOnLoad (2ms)
				ProcessInitializeOnLoadAttributes (231ms)
				ProcessInitializeOnLoadMethodAttributes (70ms)
				AfterProcessingInitializeOnLoad (0ms)
				EditorAssembliesLoaded (0ms)
			ExecutionOrderSort2 (0ms)
			AwakeInstancesAfterBackupRestoration (0ms)
Platform modules already initialized, skipping
Registering precompiled user dll's ...
Registered in 0.003601 seconds.
Begin MonoManager ReloadAssembly
Native extension for OSXStandalone target not found
Refreshing native plugins compatible for Editor in 85.81 ms, found 2 plugins.
Preloading 0 native plugins for Editor in 0.00 ms.
Mono: successfully reloaded assembly
- Completed reload, in  1.898 seconds
Domain Reload Profiling:
	ReloadAssembly (1899ms)
		BeginReloadAssembly (148ms)
			ExecutionOrderSort (0ms)
			DisableScriptedObjects (9ms)
			BackupInstance (0ms)
			ReleaseScriptingObjects (0ms)
			CreateAndSetChildDomain (37ms)
		EndReloadAssembly (1563ms)
			LoadAssemblies (88ms)
			RebuildTransferFunctionScriptingTraits (0ms)
			SetupTypeCache (422ms)
			ReleaseScriptCaches (1ms)
			RebuildScriptCaches (107ms)
			SetupLoadedEditorAssemblies (860ms)
				LogAssemblyErrors (0ms)
				InitializePlatformSupportModulesInManaged (4ms)
				SetLoadedEditorAssemblies (0ms)
				RefreshPlugins (86ms)
				BeforeProcessingInitializeOnLoad (111ms)
				ProcessInitializeOnLoadAttributes (507ms)
				ProcessInitializeOnLoadMethodAttributes (148ms)
				AfterProcessingInitializeOnLoad (3ms)
				EditorAssembliesLoaded (0ms)
			ExecutionOrderSort2 (0ms)
			AwakeInstancesAfterBackupRestoration (6ms)
Platform modules already initialized, skipping
========================================================================
Worker process is ready to serve import requests
Launching external process: /Applications/Unity/Unity.app/Contents/Tools/UnityShaderCompiler
Launched and connected shader compiler UnityShaderCompiler after 0.02 seconds
Refreshing native plugins compatible for Editor in 0.71 ms, found 2 plugins.
Preloading 0 native plugins for Editor in 0.00 ms.
Unloading 3989 Unused Serialized files (Serialized files now loaded: 0)
Unloading 45 unused Assets / (0.7 MB). Loaded Objects now: 4476.
Memory consumption went from 385.3 MB to 384.5 MB.
Total: 5.220189 ms (FindLiveObjects: 0.381668 ms CreateObjectMapping: 0.200217 ms MarkObjects: 4.214975 ms  DeleteObjects: 0.422100 ms)

AssetImportParameters requested are different than current active one (requested -> active):
  custom:video-decoder-ogg-theora: a1e56fd34408186e4bbccfd4996cb3dc -> 
  custom:container-muxer-webm: aa71ff27fc2769a1b78a27578f13a17b -> 
  custom:container-demuxer-webm: 4f35f7cbe854078d1ac9338744f61a02 -> 
  custom:video-encoder-webm-vp8: eb34c28f22e8b96e1ab97ce403110664 -> 
  custom:framework-osx-AVFoundation: b23960f63f64bdc6ff669e2cdcee2391 -> 
  custom:audio-encoder-webm-vorbis: bf7c407c2cedff20999df2af8eb42d56 -> 
  custom:container-demuxer-ogg: 62fdf1f143b41e24485cea50d1cbac27 -> 
  custom:video-decoder-webm-vp8: 9c59270c3fd7afecdb556c50c9e8de78 -> 
  custom:audio-decoder-ogg-vorbis: bf7c407c2cedff20999df2af8eb42d56 -> 
========================================================================
Received Import Request.
  Time since last request: 2632559.947245 seconds.
  path: Assets/GalaxyFire/Textures/front_galaxyfire.tif
  artifactKey: Guid(f689d46fa2a6e254abad7c15b73c3f4a) Importer(815301076,1909f56bfc062723c751e8b465ee728b)
Start importing Assets/GalaxyFire/Textures/front_galaxyfire.tif using Guid(f689d46fa2a6e254abad7c15b73c3f4a) Importer(815301076,1909f56bfc062723c751e8b465ee728b)  -> (artifact id: '27539acf9429d0f117f880940660ca5b') in 0.388868 seconds 
========================================================================
Received Import Request.
  Time since last request: 0.000073 seconds.
  path: Assets/GalaxyFire/Textures/right_galaxyfire.tif
  artifactKey: Guid(e85bb475092c7bc40aa16839048d5339) Importer(815301076,1909f56bfc062723c751e8b465ee728b)
Start importing Assets/GalaxyFire/Textures/right_galaxyfire.tif using Guid(e85bb475092c7bc40aa16839048d5339) Importer(815301076,1909f56bfc062723c751e8b465ee728b)  -> (artifact id: 'ea73c765444ad0df6a523cfafeedb474') in 0.017576 seconds 
========================================================================
Received Import Request.
  Time since last request: 0.000100 seconds.
  path: Assets/GalaxyFire/Textures/back_galaxyfire.tif
  artifactKey: Guid(4bcc09e8d515d584b86b8ec5c19e8b3f) Importer(815301076,1909f56bfc062723c751e8b465ee728b)
Start importing Assets/GalaxyFire/Textures/back_galaxyfire.tif using Guid(4bcc09e8d515d584b86b8ec5c19e8b3f) Importer(815301076,1909f56bfc062723c751e8b465ee728b)  -> (artifact id: '49519ee7052b10aafc9df311b76599d6') in 0.012569 seconds 
========================================================================
Received Import Request.
  Time since last request: 3.941713 seconds.
  path: Assets/StarterAssets/Environment/Art/Models/Stairs_650_400_300_Mesh.fbx
  artifactKey: Guid(7e0223e1d3e1733499accfa5ebffb67e) Importer(815301076,1909f56bfc062723c751e8b465ee728b)
Start importing Assets/StarterAssets/Environment/Art/Models/Stairs_650_400_300_Mesh.fbx using Guid(7e0223e1d3e1733499accfa5ebffb67e) Importer(815301076,1909f56bfc062723c751e8b465ee728b)  -> (artifact id: '9c490457b534bb962ae9e3d594d54bcd') in 0.558162 seconds 
========================================================================
Received Import Request.
  Time since last request: 0.000097 seconds.
  path: Assets/EffectExamples/Weapon Effects/Materials/BulletFleshDecal.mat
  artifactKey: Guid(d771645f9ac10d241b18277409d02a55) Importer(815301076,1909f56bfc062723c751e8b465ee728b)
Start importing Assets/EffectExamples/Weapon Effects/Materials/BulletFleshDecal.mat using Guid(d771645f9ac10d241b18277409d02a55) Importer(815301076,1909f56bfc062723c751e8b465ee728b)  -> (artifact id: '264ec0972fc12a33ed3bd040de651872') in 1.967490 seconds 
========================================================================
Received Import Request.
  Time since last request: 0.000095 seconds.
  path: Assets/EffectExamples/Weapon Effects/Materials/BulletDecalSand.mat
  artifactKey: Guid(0a35d64bb8fd24f47b8bf3802f71313b) Importer(815301076,1909f56bfc062723c751e8b465ee728b)
Start importing Assets/EffectExamples/Weapon Effects/Materials/BulletDecalSand.mat using Guid(0a35d64bb8fd24f47b8bf3802f71313b) Importer(815301076,1909f56bfc062723c751e8b465ee728b)  -> (artifact id: 'a8a292a2f696927e21ea3f557b5c5c01') in 0.014484 seconds 
========================================================================
Received Import Request.
  Time since last request: 0.000082 seconds.
  path: Assets/EffectExamples/Misc Effects/Materials/CandleFlame.mat
  artifactKey: Guid(d960d897cdc819041a73dceb80befb85) Importer(815301076,1909f56bfc062723c751e8b465ee728b)
Start importing Assets/EffectExamples/Misc Effects/Materials/CandleFlame.mat using Guid(d960d897cdc819041a73dceb80befb85) Importer(815301076,1909f56bfc062723c751e8b465ee728b)  -> (artifact id: '7a73d19e93d48a3f37ef599a4fecdcf6') in 0.331767 seconds 
========================================================================
Received Import Request.
  Time since last request: 0.000079 seconds.
  path: Assets/EffectExamples/Misc Effects/Materials/DustMote.mat
  artifactKey: Guid(e27a3e2f84809914fa5bf3a7ac14ce9f) Importer(815301076,1909f56bfc062723c751e8b465ee728b)
Start importing Assets/EffectExamples/Misc Effects/Materials/DustMote.mat using Guid(e27a3e2f84809914fa5bf3a7ac14ce9f) Importer(815301076,1909f56bfc062723c751e8b465ee728b)  -> (artifact id: 'b5c9af44e3fd1e01378b9f2fee78f944') in 0.105787 seconds 
========================================================================
Received Import Request.
  Time since last request: 0.000080 seconds.
  path: Assets/EffectExamples/Smoke & Steam Effects/Materials/Dust.mat
  artifactKey: Guid(0227585ad08c3da4ab3286a2f78d42f5) Importer(815301076,1909f56bfc062723c751e8b465ee728b)
Start importing Assets/EffectExamples/Smoke & Steam Effects/Materials/Dust.mat using Guid(0227585ad08c3da4ab3286a2f78d42f5) Importer(815301076,1909f56bfc062723c751e8b465ee728b)  -> (artifact id: '1219e0ab7aafe44fa2ac61018162ae58') in 0.018425 seconds 
========================================================================
Received Import Request.
  Time since last request: 0.000086 seconds.
  path: Assets/EffectExamples/Fire & Explosion Effects/Materials/EnergyExplosion.mat
  artifactKey: Guid(bf88af72084132746823869f28b070f8) Importer(815301076,1909f56bfc062723c751e8b465ee728b)
Start importing Assets/EffectExamples/Fire & Explosion Effects/Materials/EnergyExplosion.mat using Guid(bf88af72084132746823869f28b070f8) Importer(815301076,1909f56bfc062723c751e8b465ee728b)  -> (artifact id: 'de90c7100ba02160cd7b9931790b40d3') in 0.028336 seconds 
========================================================================
Received Import Request.
  Time since last request: 0.000084 seconds.
  path: Assets/EffectExamples/Misc Effects/Materials/ElectricalSparks.mat
  artifactKey: Guid(a6492a173e6c03f48899880b96cca600) Importer(815301076,1909f56bfc062723c751e8b465ee728b)
Start importing Assets/EffectExamples/Misc Effects/Materials/ElectricalSparks.mat using Guid(a6492a173e6c03f48899880b96cca600) Importer(815301076,1909f56bfc062723c751e8b465ee728b)  -> (artifact id: '9819fa8a210be80e3d8b055f8bb52aa2') in 0.495328 seconds 
========================================================================
Received Import Request.
  Time since last request: 0.000073 seconds.
  path: Assets/EffectExamples/Misc Effects/Materials/Embers.mat
  artifactKey: Guid(93c97da0a9a11174ab89575db81f7917) Importer(815301076,1909f56bfc062723c751e8b465ee728b)
Start importing Assets/EffectExamples/Misc Effects/Materials/Embers.mat using Guid(93c97da0a9a11174ab89575db81f7917) Importer(815301076,1909f56bfc062723c751e8b465ee728b)  -> (artifact id: '8ea4927c206208d75841c341a3597223') in 0.019501 seconds 
========================================================================
Received Import Request.
  Time since last request: 0.000109 seconds.
  path: Assets/EffectExamples/Fire & Explosion Effects/Materials/DebrisParticle.mat
  artifactKey: Guid(72815344e9e9c7446895e130936932d7) Importer(815301076,1909f56bfc062723c751e8b465ee728b)
Start importing Assets/EffectExamples/Fire & Explosion Effects/Materials/DebrisParticle.mat using Guid(72815344e9e9c7446895e130936932d7) Importer(815301076,1909f56bfc062723c751e8b465ee728b)  -> (artifact id: '30618654a75773dde8411d2082fdc071') in 0.080017 seconds 
========================================================================
Received Import Request.
  Time since last request: 0.000087 seconds.
  path: Assets/StarterAssets/Environment/Art/Materials/Blue_Mat.mat
  artifactKey: Guid(979aef027a1c86c42a15ce35fce366fa) Importer(815301076,1909f56bfc062723c751e8b465ee728b)
Start importing Assets/StarterAssets/Environment/Art/Materials/Blue_Mat.mat using Guid(979aef027a1c86c42a15ce35fce366fa) Importer(815301076,1909f56bfc062723c751e8b465ee728b)  -> (artifact id: 'e3f8ed3fea39d67263bc7d833acdf7a2') in 0.009991 seconds 
========================================================================
Received Import Request.
  Time since last request: 0.000079 seconds.
  path: Assets/EffectExamples/Weapon Effects/Materials/BulletDecalWood.mat
  artifactKey: Guid(39babc0a61c17df41bca722640cfc289) Importer(815301076,1909f56bfc062723c751e8b465ee728b)
Start importing Assets/EffectExamples/Weapon Effects/Materials/BulletDecalWood.mat using Guid(39babc0a61c17df41bca722640cfc289) Importer(815301076,1909f56bfc062723c751e8b465ee728b)  -> (artifact id: '64b49b73fd0f9f02d0d598a53e6a6ab0') in 0.013044 seconds 
========================================================================
Received Import Request.
  Time since last request: 0.000071 seconds.
  path: Assets/StarterAssets/Environment/Art/Materials/Builtin_RP/BuiltInTriplanar_01_Mat.mat
  artifactKey: Guid(3300a5c4710bac244815734e484b3b90) Importer(815301076,1909f56bfc062723c751e8b465ee728b)
Start importing Assets/StarterAssets/Environment/Art/Materials/Builtin_RP/BuiltInTriplanar_01_Mat.mat using Guid(3300a5c4710bac244815734e484b3b90) Importer(815301076,1909f56bfc062723c751e8b465ee728b)  -> (artifact id: '4bf80cce6c92f64b70eb8a1b1eb993df') in 0.547266 seconds 
========================================================================
Received Import Request.
  Time since last request: 0.000130 seconds.
  path: Assets/StarterAssets/FirstPersonController/Scripts/FirstPersonController.cs
  artifactKey: Guid(55919ac34a26952479f3fc91f777b2fa) Importer(815301076,1909f56bfc062723c751e8b465ee728b)
Start importing Assets/StarterAssets/FirstPersonController/Scripts/FirstPersonController.cs using Guid(55919ac34a26952479f3fc91f777b2fa) Importer(815301076,1909f56bfc062723c751e8b465ee728b)  -> (artifact id: 'da7da653823a265ec501c9972c39bc91') in 0.549370 seconds 
========================================================================
Received Import Request.
  Time since last request: 0.000098 seconds.
  path: Assets/EffectExamples/Magic Effects/Materials/Fireball.mat
  artifactKey: Guid(a74b8e4e831053c46943378279c70e96) Importer(815301076,1909f56bfc062723c751e8b465ee728b)
Start importing Assets/EffectExamples/Magic Effects/Materials/Fireball.mat using Guid(a74b8e4e831053c46943378279c70e96) Importer(815301076,1909f56bfc062723c751e8b465ee728b)  -> (artifact id: 'e081377a871836cbc2bbe393611e9b51') in 0.022783 seconds 
========================================================================
Received Import Request.
  Time since last request: 0.000115 seconds.
  path: Assets/Shared/Environment/Materials/ConcreteFloor.mat
  artifactKey: Guid(21c505286c5bbe045a472bee261889e8) Importer(815301076,1909f56bfc062723c751e8b465ee728b)
Start importing Assets/Shared/Environment/Materials/ConcreteFloor.mat using Guid(21c505286c5bbe045a472bee261889e8) Importer(815301076,1909f56bfc062723c751e8b465ee728b)  -> (artifact id: '7acf01c959fe74238e4980c696419df0') in 0.498550 seconds 
========================================================================
Received Import Request.
  Time since last request: 10.811885 seconds.
  path: Assets/Shared/Scripts/ProximityActivate.cs
  artifactKey: Guid(9dda47b72d39443fcbaff0fcbb5f1bd4) Importer(815301076,1909f56bfc062723c751e8b465ee728b)
Start importing Assets/Shared/Scripts/ProximityActivate.cs using Guid(9dda47b72d39443fcbaff0fcbb5f1bd4) Importer(815301076,1909f56bfc062723c751e8b465ee728b)  -> (artifact id: '49d098eb499fd81b343952c9b724af98') in 0.002017 seconds 
========================================================================
Received Prepare
Registering precompiled user dll's ...
Registered in 0.004356 seconds.
Begin MonoManager ReloadAssembly
Native extension for OSXStandalone target not found
Refreshing native plugins compatible for Editor in 0.79 ms, found 2 plugins.
Preloading 0 native plugins for Editor in 0.00 ms.
Mono: successfully reloaded assembly
- Completed reload, in  1.826 seconds
Domain Reload Profiling:
	ReloadAssembly (1827ms)
		BeginReloadAssembly (174ms)
			ExecutionOrderSort (0ms)
			DisableScriptedObjects (7ms)
			BackupInstance (0ms)
			ReleaseScriptingObjects (0ms)
			CreateAndSetChildDomain (77ms)
		EndReloadAssembly (1498ms)
			LoadAssemblies (83ms)
			RebuildTransferFunctionScriptingTraits (0ms)
			SetupTypeCache (421ms)
			ReleaseScriptCaches (2ms)
			RebuildScriptCaches (79ms)
			SetupLoadedEditorAssemblies (828ms)
				LogAssemblyErrors (0ms)
				InitializePlatformSupportModulesInManaged (12ms)
				SetLoadedEditorAssemblies (1ms)
				RefreshPlugins (1ms)
				BeforeProcessingInitializeOnLoad (88ms)
				ProcessInitializeOnLoadAttributes (552ms)
				ProcessInitializeOnLoadMethodAttributes (172ms)
				AfterProcessingInitializeOnLoad (2ms)
				EditorAssembliesLoaded (0ms)
			ExecutionOrderSort2 (0ms)
			AwakeInstancesAfterBackupRestoration (6ms)
Platform modules already initialized, skipping
Refreshing native plugins compatible for Editor in 2.68 ms, found 2 plugins.
Preloading 0 native plugins for Editor in 0.00 ms.
Unloading 3898 Unused Serialized files (Serialized files now loaded: 0)
Unloading 26 unused Assets / (0.7 MB). Loaded Objects now: 4539.
Memory consumption went from 402.7 MB to 401.9 MB.
Total: 5.049032 ms (FindLiveObjects: 0.356322 ms CreateObjectMapping: 0.160905 ms MarkObjects: 4.125264 ms  DeleteObjects: 0.405110 ms)

AssetImportParameters requested are different than current active one (requested -> active):
  custom:video-decoder-ogg-theora: a1e56fd34408186e4bbccfd4996cb3dc -> 
  custom:container-muxer-webm: aa71ff27fc2769a1b78a27578f13a17b -> 
  custom:container-demuxer-webm: 4f35f7cbe854078d1ac9338744f61a02 -> 
  custom:video-encoder-webm-vp8: eb34c28f22e8b96e1ab97ce403110664 -> 
  custom:framework-osx-AVFoundation: b23960f63f64bdc6ff669e2cdcee2391 -> 
  custom:audio-encoder-webm-vorbis: bf7c407c2cedff20999df2af8eb42d56 -> 
  custom:container-demuxer-ogg: 62fdf1f143b41e24485cea50d1cbac27 -> 
  custom:video-decoder-webm-vp8: 9c59270c3fd7afecdb556c50c9e8de78 -> 
  custom:audio-decoder-ogg-vorbis: bf7c407c2cedff20999df2af8eb42d56 -> 
========================================================================
Received Prepare
Registering precompiled user dll's ...
Registered in 0.003473 seconds.
Begin MonoManager ReloadAssembly
Native extension for OSXStandalone target not found
Refreshing native plugins compatible for Editor in 0.92 ms, found 2 plugins.
Preloading 0 native plugins for Editor in 0.00 ms.
Mono: successfully reloaded assembly
- Completed reload, in  1.692 seconds
Domain Reload Profiling:
	ReloadAssembly (1693ms)
		BeginReloadAssembly (166ms)
			ExecutionOrderSort (0ms)
			DisableScriptedObjects (7ms)
			BackupInstance (0ms)
			ReleaseScriptingObjects (0ms)
			CreateAndSetChildDomain (74ms)
		EndReloadAssembly (1374ms)
			LoadAssemblies (76ms)
			RebuildTransferFunctionScriptingTraits (0ms)
			SetupTypeCache (401ms)
			ReleaseScriptCaches (2ms)
			RebuildScriptCaches (76ms)
			SetupLoadedEditorAssemblies (734ms)
				LogAssemblyErrors (0ms)
				InitializePlatformSupportModulesInManaged (12ms)
				SetLoadedEditorAssemblies (1ms)
				RefreshPlugins (1ms)
				BeforeProcessingInitializeOnLoad (85ms)
				ProcessInitializeOnLoadAttributes (471ms)
				ProcessInitializeOnLoadMethodAttributes (161ms)
				AfterProcessingInitializeOnLoad (3ms)
				EditorAssembliesLoaded (0ms)
			ExecutionOrderSort2 (0ms)
			AwakeInstancesAfterBackupRestoration (6ms)
Platform modules already initialized, skipping
Refreshing native plugins compatible for Editor in 2.38 ms, found 2 plugins.
Preloading 0 native plugins for Editor in 0.00 ms.
Unloading 3898 Unused Serialized files (Serialized files now loaded: 0)
Unloading 25 unused Assets / (0.7 MB). Loaded Objects now: 4554.
Memory consumption went from 402.9 MB to 402.2 MB.
Total: 4.829321 ms (FindLiveObjects: 0.354056 ms CreateObjectMapping: 0.175695 ms MarkObjects: 3.894603 ms  DeleteObjects: 0.403708 ms)

AssetImportParameters requested are different than current active one (requested -> active):
  custom:video-decoder-ogg-theora: a1e56fd34408186e4bbccfd4996cb3dc -> 
  custom:container-muxer-webm: aa71ff27fc2769a1b78a27578f13a17b -> 
  custom:container-demuxer-webm: 4f35f7cbe854078d1ac9338744f61a02 -> 
  custom:video-encoder-webm-vp8: eb34c28f22e8b96e1ab97ce403110664 -> 
  custom:framework-osx-AVFoundation: b23960f63f64bdc6ff669e2cdcee2391 -> 
  custom:audio-encoder-webm-vorbis: bf7c407c2cedff20999df2af8eb42d56 -> 
  custom:container-demuxer-ogg: 62fdf1f143b41e24485cea50d1cbac27 -> 
  custom:video-decoder-webm-vp8: 9c59270c3fd7afecdb556c50c9e8de78 -> 
  custom:audio-decoder-ogg-vorbis: bf7c407c2cedff20999df2af8eb42d56 -> 
========================================================================
Received Prepare
Registering precompiled user dll's ...
Registered in 0.003591 seconds.
Begin MonoManager ReloadAssembly
Native extension for OSXStandalone target not found
Refreshing native plugins compatible for Editor in 0.79 ms, found 2 plugins.
Preloading 0 native plugins for Editor in 0.00 ms.
Mono: successfully reloaded assembly
- Completed reload, in  1.687 seconds
Domain Reload Profiling:
	ReloadAssembly (1688ms)
		BeginReloadAssembly (169ms)
			ExecutionOrderSort (0ms)
			DisableScriptedObjects (7ms)
			BackupInstance (0ms)
			ReleaseScriptingObjects (0ms)
			CreateAndSetChildDomain (74ms)
		EndReloadAssembly (1366ms)
			LoadAssemblies (78ms)
			RebuildTransferFunctionScriptingTraits (0ms)
			SetupTypeCache (401ms)
			ReleaseScriptCaches (2ms)
			RebuildScriptCaches (78ms)
			SetupLoadedEditorAssemblies (725ms)
				LogAssemblyErrors (0ms)
				InitializePlatformSupportModulesInManaged (12ms)
				SetLoadedEditorAssemblies (1ms)
				RefreshPlugins (1ms)
				BeforeProcessingInitializeOnLoad (85ms)
				ProcessInitializeOnLoadAttributes (466ms)
				ProcessInitializeOnLoadMethodAttributes (158ms)
				AfterProcessingInitializeOnLoad (2ms)
				EditorAssembliesLoaded (0ms)
			ExecutionOrderSort2 (0ms)
			AwakeInstancesAfterBackupRestoration (5ms)
Platform modules already initialized, skipping
Refreshing native plugins compatible for Editor in 1.82 ms, found 2 plugins.
Preloading 0 native plugins for Editor in 0.00 ms.
Unloading 3898 Unused Serialized files (Serialized files now loaded: 0)
Unloading 25 unused Assets / (0.7 MB). Loaded Objects now: 4569.
Memory consumption went from 403.2 MB to 402.4 MB.
Total: 5.421499 ms (FindLiveObjects: 0.352770 ms CreateObjectMapping: 0.160701 ms MarkObjects: 4.413334 ms  DeleteObjects: 0.493161 ms)

AssetImportParameters requested are different than current active one (requested -> active):
  custom:video-decoder-ogg-theora: a1e56fd34408186e4bbccfd4996cb3dc -> 
  custom:container-muxer-webm: aa71ff27fc2769a1b78a27578f13a17b -> 
  custom:container-demuxer-webm: 4f35f7cbe854078d1ac9338744f61a02 -> 
  custom:video-encoder-webm-vp8: eb34c28f22e8b96e1ab97ce403110664 -> 
  custom:framework-osx-AVFoundation: b23960f63f64bdc6ff669e2cdcee2391 -> 
  custom:audio-encoder-webm-vorbis: bf7c407c2cedff20999df2af8eb42d56 -> 
  custom:container-demuxer-ogg: 62fdf1f143b41e24485cea50d1cbac27 -> 
  custom:video-decoder-webm-vp8: 9c59270c3fd7afecdb556c50c9e8de78 -> 
  custom:audio-decoder-ogg-vorbis: bf7c407c2cedff20999df2af8eb42d56 -> 
========================================================================
Received Import Request.
  Time since last request: 147.346607 seconds.
  path: Assets/StarterAssets/Environment/Prefabs/Environment_Prefab.prefab
  artifactKey: Guid(09aade0ecefd01e4b8f7661acf64f5c2) Importer(815301076,1909f56bfc062723c751e8b465ee728b)
Start importing Assets/StarterAssets/Environment/Prefabs/Environment_Prefab.prefab using Guid(09aade0ecefd01e4b8f7661acf64f5c2) Importer(815301076,1909f56bfc062723c751e8b465ee728b)  -> (artifact id: '997f71aa846f180cf03b8ef03a5dc7da') in 1.110682 seconds 
========================================================================
Received Import Request.
  Time since last request: 0.000080 seconds.
  path: Assets/EffectExamples/Magic Effects/Prefabs/IceLance.prefab
  artifactKey: Guid(1a1c02facd51d87458dcaa3a761e2c03) Importer(815301076,1909f56bfc062723c751e8b465ee728b)
Start importing Assets/EffectExamples/Magic Effects/Prefabs/IceLance.prefab using Guid(1a1c02facd51d87458dcaa3a761e2c03) Importer(815301076,1909f56bfc062723c751e8b465ee728b)  -> (artifact id: '78ca8814a9316ed124d1bfa8982a3898') in 0.641654 seconds 
========================================================================
Received Import Request.
  Time since last request: 0.000072 seconds.
  path: Assets/StarterAssets/ThirdPersonController/Prefabs/NestedParentArmature_Unpack.prefab
  artifactKey: Guid(c708a3b79cd542b42bbfedb17e213bc1) Importer(815301076,1909f56bfc062723c751e8b465ee728b)
Start importing Assets/StarterAssets/ThirdPersonController/Prefabs/NestedParentArmature_Unpack.prefab using Guid(c708a3b79cd542b42bbfedb17e213bc1) Importer(815301076,1909f56bfc062723c751e8b465ee728b)  -> (artifact id: 'c6599c182388d9259d04d4d6c8592dc3') in 0.192234 seconds 
========================================================================
Received Import Request.
  Time since last request: 0.000074 seconds.
  path: Assets/Shared/Environment/Prefabs/FloorShort.prefab
  artifactKey: Guid(020c53dc8ae609f4c9ddc4cbe9d3b4df) Importer(815301076,1909f56bfc062723c751e8b465ee728b)
Start importing Assets/Shared/Environment/Prefabs/FloorShort.prefab using Guid(020c53dc8ae609f4c9ddc4cbe9d3b4df) Importer(815301076,1909f56bfc062723c751e8b465ee728b)  -> (artifact id: '5ca20f0fe6bf206d0f2d8c1fef093628') in 0.056563 seconds 
========================================================================
Received Import Request.
  Time since last request: 0.000072 seconds.
  path: Assets/EffectExamples/Fire & Explosion Effects/Prefabs/FlameStream.prefab
  artifactKey: Guid(bccc7a794e75b2a44a4b0dac69160b7b) Importer(815301076,1909f56bfc062723c751e8b465ee728b)
Start importing Assets/EffectExamples/Fire & Explosion Effects/Prefabs/FlameStream.prefab using Guid(bccc7a794e75b2a44a4b0dac69160b7b) Importer(815301076,1909f56bfc062723c751e8b465ee728b)  -> (artifact id: 'c89e86ac1f028f0de94f0e1e964b405f') in 0.016753 seconds 
========================================================================
Received Import Request.
  Time since last request: 0.000100 seconds.
  path: Assets/EffectExamples/Weapon Effects/Prefabs/MuzzleFlash01.prefab
  artifactKey: Guid(ad2ab49d0a2a17148bd51c93d977bdbc) Importer(815301076,1909f56bfc062723c751e8b465ee728b)
Start importing Assets/EffectExamples/Weapon Effects/Prefabs/MuzzleFlash01.prefab using Guid(ad2ab49d0a2a17148bd51c93d977bdbc) Importer(815301076,1909f56bfc062723c751e8b465ee728b)  -> (artifact id: 'ca3c823e733a44a99ab300114721fac5') in 0.013207 seconds 
========================================================================
Received Import Request.
  Time since last request: 0.000092 seconds.
  path: Assets/EffectExamples/Weapon Effects/Prefabs/MetalImpacts.prefab
  artifactKey: Guid(44be68b4fc4366142a9cd1ae1f761ea4) Importer(815301076,1909f56bfc062723c751e8b465ee728b)
Start importing Assets/EffectExamples/Weapon Effects/Prefabs/MetalImpacts.prefab using Guid(44be68b4fc4366142a9cd1ae1f761ea4) Importer(815301076,1909f56bfc062723c751e8b465ee728b)  -> (artifact id: '8c8f032c6ae0f8130ff4350d3e3c6d92') in 2.376948 seconds 
========================================================================
Received Import Request.
  Time since last request: 0.000084 seconds.
  path: Assets/Shared/Prefabs/Player.prefab
  artifactKey: Guid(6fcc382533eeddd4cb59b9e20acca545) Importer(815301076,1909f56bfc062723c751e8b465ee728b)
Start importing Assets/Shared/Prefabs/Player.prefab using Guid(6fcc382533eeddd4cb59b9e20acca545) Importer(815301076,1909f56bfc062723c751e8b465ee728b)  -> (artifact id: '412b73677d6f4b803c9b09a67c3add3c') in 0.006984 seconds 
========================================================================
Received Import Request.
  Time since last request: 0.000082 seconds.
  path: Assets/Shared/Environment/Prefabs/FloorLong.prefab
  artifactKey: Guid(364e3c46cc3cab14190de95b5e46dcfc) Importer(815301076,1909f56bfc062723c751e8b465ee728b)
Start importing Assets/Shared/Environment/Prefabs/FloorLong.prefab using Guid(364e3c46cc3cab14190de95b5e46dcfc) Importer(815301076,1909f56bfc062723c751e8b465ee728b)  -> (artifact id: '1043aaf9ee244691afcb9dd1d156b7b3') in 0.049766 seconds 
========================================================================
Received Import Request.
  Time since last request: 0.000096 seconds.
  path: Assets/Scenes/Profiles
  artifactKey: Guid(e53f870e0a6f50d4aa774929c7ba3555) Importer(815301076,1909f56bfc062723c751e8b465ee728b)
Start importing Assets/Scenes/Profiles using Guid(e53f870e0a6f50d4aa774929c7ba3555) Importer(815301076,1909f56bfc062723c751e8b465ee728b)  -> (artifact id: 'e8025426970786d77aec5d15507bbdfe') in 0.001144 seconds 
========================================================================
Received Import Request.
  Time since last request: 0.000073 seconds.
  path: Assets/EffectExamples/Goop Effects/Prefabs/GoopSpray.prefab
  artifactKey: Guid(5656e7ea1f1a75d4c895547ec2b824b3) Importer(815301076,1909f56bfc062723c751e8b465ee728b)
Start importing Assets/EffectExamples/Goop Effects/Prefabs/GoopSpray.prefab using Guid(5656e7ea1f1a75d4c895547ec2b824b3) Importer(815301076,1909f56bfc062723c751e8b465ee728b)  -> (artifact id: 'f2f683870bcbc698b5cb87e66f725af9') in 1.390088 seconds 
========================================================================
Received Import Request.
  Time since last request: 9.199817 seconds.
  path: Assets/Scenes/Final.unity
  artifactKey: Guid(9fc0d4010bbf28b4594072e72b8655ab) Importer(815301076,1909f56bfc062723c751e8b465ee728b)
Start importing Assets/Scenes/Final.unity using Guid(9fc0d4010bbf28b4594072e72b8655ab) Importer(815301076,1909f56bfc062723c751e8b465ee728b)  -> (artifact id: 'e83fe53a52f33e5b5ee4068f0a70182f') in 0.002789 seconds 
========================================================================
Received Import Request.
  Time since last request: 2.168735 seconds.
  path: Assets/Scenes/Main
  artifactKey: Guid(f1c25cae5d366b94bba0899612a4ba45) Importer(815301076,1909f56bfc062723c751e8b465ee728b)
Start importing Assets/Scenes/Main using Guid(f1c25cae5d366b94bba0899612a4ba45) Importer(815301076,1909f56bfc062723c751e8b465ee728b)  -> (artifact id: '6ada8d9a77f83657adc1ba4d771e117b') in 0.002702 seconds 
========================================================================
Received Import Request.
  Time since last request: 0.069397 seconds.
  path: Assets/Scenes/Main/LightingData.asset
  artifactKey: Guid(5ad991571b598ea40b9f6ad91d4d9077) Importer(815301076,1909f56bfc062723c751e8b465ee728b)
Start importing Assets/Scenes/Main/LightingData.asset using Guid(5ad991571b598ea40b9f6ad91d4d9077) Importer(815301076,1909f56bfc062723c751e8b465ee728b)  -> (artifact id: '857c99e410cf9869f049e86ce678275b') in 0.168585 seconds 
========================================================================
Received Import Request.
  Time since last request: 0.000088 seconds.
  path: Assets/Scenes/Main/ReflectionProbe-3.exr
  artifactKey: Guid(f319d2d4df093224684b4dae47534bb6) Importer(815301076,1909f56bfc062723c751e8b465ee728b)
Start importing Assets/Scenes/Main/ReflectionProbe-3.exr using Guid(f319d2d4df093224684b4dae47534bb6) Importer(815301076,1909f56bfc062723c751e8b465ee728b)  -> (artifact id: '7fa88b874357378997c5b1983ca918a3') in 0.341498 seconds 
========================================================================
Received Import Request.
  Time since last request: 0.000061 seconds.
  path: Assets/Scenes/Main/ReflectionProbe-5.exr
  artifactKey: Guid(f22b5645f939fc14eb097b1189fb2c8f) Importer(815301076,1909f56bfc062723c751e8b465ee728b)
Start importing Assets/Scenes/Main/ReflectionProbe-5.exr using Guid(f22b5645f939fc14eb097b1189fb2c8f) Importer(815301076,1909f56bfc062723c751e8b465ee728b)  -> (artifact id: '8a4475b0085e955e55f83e0240de5482') in 0.017752 seconds 
========================================================================
Received Import Request.
  Time since last request: 0.000099 seconds.
  path: Assets/Scenes/Main/Lightmap-1_comp_dir.png
  artifactKey: Guid(930c85f85f52ab0498118329c192ee2c) Importer(815301076,1909f56bfc062723c751e8b465ee728b)
Start importing Assets/Scenes/Main/Lightmap-1_comp_dir.png using Guid(930c85f85f52ab0498118329c192ee2c) Importer(815301076,1909f56bfc062723c751e8b465ee728b)  -> (artifact id: '912cadc9666a18899ea6c2d17e433a74') in 0.314661 seconds 
========================================================================
Received Import Request.
  Time since last request: 5.616975 seconds.
  path: Assets/Scenes/Profiles/DefaultProfile.asset
  artifactKey: Guid(30c76ed8c1bfdec468bc22dee567578c) Importer(815301076,1909f56bfc062723c751e8b465ee728b)
Start importing Assets/Scenes/Profiles/DefaultProfile.asset using Guid(30c76ed8c1bfdec468bc22dee567578c) Importer(815301076,1909f56bfc062723c751e8b465ee728b)  -> (artifact id: 'd2a2ca7053a8e60b2e5a9db1b2e4bbcf') in 0.004226 seconds 
========================================================================
Received Import Request.
  Time since last request: 18.138853 seconds.
  path: Assets/Scenes/Main.unity
  artifactKey: Guid(163adec682b5ccd4c8dbb7766c20f3fb) Importer(815301076,1909f56bfc062723c751e8b465ee728b)
Start importing Assets/Scenes/Main.unity using Guid(163adec682b5ccd4c8dbb7766c20f3fb) Importer(815301076,1909f56bfc062723c751e8b465ee728b)  -> (artifact id: '3e2e756dee25e62a610d1c67b327ce66') in 0.002651 seconds 
========================================================================
Received Import Request.
  Time since last request: 9.412655 seconds.
  path: Assets/Samples/Input System
  artifactKey: Guid(45c4b536e278ad44fb17d7da016d2c5b) Importer(815301076,1909f56bfc062723c751e8b465ee728b)
Start importing Assets/Samples/Input System using Guid(45c4b536e278ad44fb17d7da016d2c5b) Importer(815301076,1909f56bfc062723c751e8b465ee728b)  -> (artifact id: 'a86b67421159e39032d9c6435b27f88d') in 0.002739 seconds 
========================================================================
Received Import Request.
  Time since last request: 0.543671 seconds.
  path: Assets/Samples/Input System/1.3.0
  artifactKey: Guid(d79a652140f1b2e45bd1678979bf5fe7) Importer(815301076,1909f56bfc062723c751e8b465ee728b)
Start importing Assets/Samples/Input System/1.3.0 using Guid(d79a652140f1b2e45bd1678979bf5fe7) Importer(815301076,1909f56bfc062723c751e8b465ee728b)  -> (artifact id: '0f2bebc2299dc17d1e749146ce803097') in 0.002666 seconds 
========================================================================
Received Import Request.
  Time since last request: 2.171596 seconds.
  path: Assets/Samples/Input System/1.3.0/Simple Demo
  artifactKey: Guid(cba661f8d73054d42b97438ca9a06e99) Importer(815301076,1909f56bfc062723c751e8b465ee728b)
Start importing Assets/Samples/Input System/1.3.0/Simple Demo using Guid(cba661f8d73054d42b97438ca9a06e99) Importer(815301076,1909f56bfc062723c751e8b465ee728b)  -> (artifact id: 'f72db3852f5d30daa2963e44c1c8dd44') in 0.002637 seconds 
========================================================================
Received Import Request.
  Time since last request: 4.071461 seconds.
  path: Assets/Samples/Input System/1.3.0/Simple Demo/SimpleDemo_UsingActions.unity
  artifactKey: Guid(f2caf1f86d6cf4e4093394b90ea1708e) Importer(815301076,1909f56bfc062723c751e8b465ee728b)
Start importing Assets/Samples/Input System/1.3.0/Simple Demo/SimpleDemo_UsingActions.unity using Guid(f2caf1f86d6cf4e4093394b90ea1708e) Importer(815301076,1909f56bfc062723c751e8b465ee728b)  -> (artifact id: 'f20b3aaa58da4ccfed74731258de48e7') in 0.002842 seconds 
========================================================================
Received Import Request.
  Time since last request: 0.570503 seconds.
  path: Assets/Samples/Input System/1.3.0/Simple Demo/SimpleDemo_UsingActionAsset.unity
  artifactKey: Guid(e363a7a3b19f9476eafd671062b7b491) Importer(815301076,1909f56bfc062723c751e8b465ee728b)
Start importing Assets/Samples/Input System/1.3.0/Simple Demo/SimpleDemo_UsingActionAsset.unity using Guid(e363a7a3b19f9476eafd671062b7b491) Importer(815301076,1909f56bfc062723c751e8b465ee728b)  -> (artifact id: 'ca55486db8f52ce5d5b128ec52fb2b34') in 0.002629 seconds 
========================================================================
Received Import Request.
  Time since last request: 36.723525 seconds.
  path: Assets/Samples/Input System/1.3.0/InputDeviceTester
  artifactKey: Guid(734981f8776fc174a8037bac08d2eca9) Importer(815301076,1909f56bfc062723c751e8b465ee728b)
Start importing Assets/Samples/Input System/1.3.0/InputDeviceTester using Guid(734981f8776fc174a8037bac08d2eca9) Importer(815301076,1909f56bfc062723c751e8b465ee728b)  -> (artifact id: 'df78d43c84dd29028d9bebfc840da6b7') in 0.002528 seconds 
========================================================================
Received Prepare
Registering precompiled user dll's ...
Registered in 0.003784 seconds.
Begin MonoManager ReloadAssembly
Native extension for OSXStandalone target not found
Refreshing native plugins compatible for Editor in 1.04 ms, found 2 plugins.
Preloading 0 native plugins for Editor in 0.00 ms.
Mono: successfully reloaded assembly
- Completed reload, in  1.833 seconds
Domain Reload Profiling:
	ReloadAssembly (1834ms)
		BeginReloadAssembly (188ms)
			ExecutionOrderSort (0ms)
			DisableScriptedObjects (7ms)
			BackupInstance (0ms)
			ReleaseScriptingObjects (0ms)
			CreateAndSetChildDomain (84ms)
		EndReloadAssembly (1483ms)
			LoadAssemblies (89ms)
			RebuildTransferFunctionScriptingTraits (0ms)
			SetupTypeCache (426ms)
			ReleaseScriptCaches (2ms)
			RebuildScriptCaches (87ms)
			SetupLoadedEditorAssemblies (790ms)
				LogAssemblyErrors (0ms)
				InitializePlatformSupportModulesInManaged (15ms)
				SetLoadedEditorAssemblies (1ms)
				RefreshPlugins (1ms)
				BeforeProcessingInitializeOnLoad (93ms)
				ProcessInitializeOnLoadAttributes (503ms)
				ProcessInitializeOnLoadMethodAttributes (175ms)
				AfterProcessingInitializeOnLoad (2ms)
				EditorAssembliesLoaded (0ms)
			ExecutionOrderSort2 (0ms)
			AwakeInstancesAfterBackupRestoration (6ms)
Platform modules already initialized, skipping
Refreshing native plugins compatible for Editor in 2.29 ms, found 2 plugins.
Preloading 0 native plugins for Editor in 0.00 ms.
Unloading 3898 Unused Serialized files (Serialized files now loaded: 0)
Unloading 27 unused Assets / (0.7 MB). Loaded Objects now: 4590.
Memory consumption went from 420.7 MB to 420.0 MB.
Total: 5.592069 ms (FindLiveObjects: 0.561577 ms CreateObjectMapping: 0.269751 ms MarkObjects: 4.263846 ms  DeleteObjects: 0.495409 ms)

AssetImportParameters requested are different than current active one (requested -> active):
  custom:video-decoder-ogg-theora: a1e56fd34408186e4bbccfd4996cb3dc -> 
  custom:container-muxer-webm: aa71ff27fc2769a1b78a27578f13a17b -> 
  custom:container-demuxer-webm: 4f35f7cbe854078d1ac9338744f61a02 -> 
  custom:video-encoder-webm-vp8: eb34c28f22e8b96e1ab97ce403110664 -> 
  custom:framework-osx-AVFoundation: b23960f63f64bdc6ff669e2cdcee2391 -> 
  custom:audio-encoder-webm-vorbis: bf7c407c2cedff20999df2af8eb42d56 -> 
  custom:container-demuxer-ogg: 62fdf1f143b41e24485cea50d1cbac27 -> 
  custom:video-decoder-webm-vp8: 9c59270c3fd7afecdb556c50c9e8de78 -> 
  custom:audio-decoder-ogg-vorbis: bf7c407c2cedff20999df2af8eb42d56 -> 
========================================================================
Received Prepare
Registering precompiled user dll's ...
Registered in 0.003666 seconds.
Begin MonoManager ReloadAssembly
Native extension for OSXStandalone target not found
Refreshing native plugins compatible for Editor in 1.01 ms, found 2 plugins.
Preloading 0 native plugins for Editor in 0.00 ms.
Mono: successfully reloaded assembly
- Completed reload, in  1.746 seconds
Domain Reload Profiling:
	ReloadAssembly (1746ms)
		BeginReloadAssembly (171ms)
			ExecutionOrderSort (0ms)
			DisableScriptedObjects (8ms)
			BackupInstance (0ms)
			ReleaseScriptingObjects (0ms)
			CreateAndSetChildDomain (75ms)
		EndReloadAssembly (1420ms)
			LoadAssemblies (80ms)
			RebuildTransferFunctionScriptingTraits (0ms)
			SetupTypeCache (399ms)
			ReleaseScriptCaches (2ms)
			RebuildScriptCaches (85ms)
			SetupLoadedEditorAssemblies (764ms)
				LogAssemblyErrors (0ms)
				InitializePlatformSupportModulesInManaged (13ms)
				SetLoadedEditorAssemblies (1ms)
				RefreshPlugins (1ms)
				BeforeProcessingInitializeOnLoad (90ms)
				ProcessInitializeOnLoadAttributes (489ms)
				ProcessInitializeOnLoadMethodAttributes (166ms)
				AfterProcessingInitializeOnLoad (2ms)
				EditorAssembliesLoaded (0ms)
			ExecutionOrderSort2 (0ms)
			AwakeInstancesAfterBackupRestoration (6ms)
Platform modules already initialized, skipping
Refreshing native plugins compatible for Editor in 2.23 ms, found 2 plugins.
Preloading 0 native plugins for Editor in 0.00 ms.
Unloading 3898 Unused Serialized files (Serialized files now loaded: 0)
Unloading 25 unused Assets / (0.7 MB). Loaded Objects now: 4605.
Memory consumption went from 420.9 MB to 420.2 MB.
Total: 5.525039 ms (FindLiveObjects: 0.356209 ms CreateObjectMapping: 0.187829 ms MarkObjects: 4.486078 ms  DeleteObjects: 0.493520 ms)

AssetImportParameters requested are different than current active one (requested -> active):
  custom:video-decoder-ogg-theora: a1e56fd34408186e4bbccfd4996cb3dc -> 
  custom:container-muxer-webm: aa71ff27fc2769a1b78a27578f13a17b -> 
  custom:container-demuxer-webm: 4f35f7cbe854078d1ac9338744f61a02 -> 
  custom:video-encoder-webm-vp8: eb34c28f22e8b96e1ab97ce403110664 -> 
  custom:framework-osx-AVFoundation: b23960f63f64bdc6ff669e2cdcee2391 -> 
  custom:audio-encoder-webm-vorbis: bf7c407c2cedff20999df2af8eb42d56 -> 
  custom:container-demuxer-ogg: 62fdf1f143b41e24485cea50d1cbac27 -> 
  custom:video-decoder-webm-vp8: 9c59270c3fd7afecdb556c50c9e8de78 -> 
  custom:audio-decoder-ogg-vorbis: bf7c407c2cedff20999df2af8eb42d56 -> 
========================================================================
Received Import Request.
  Time since last request: 90.196893 seconds.
  path: Assets/_TerrainAutoUpgrade/layer_GrassUV01GrassUV01_Nd668f1e20ece139b.terrainlayer
  artifactKey: Guid(f0a3f749b9ebd492fb8d38da27294077) Importer(815301076,1909f56bfc062723c751e8b465ee728b)
Start importing Assets/_TerrainAutoUpgrade/layer_GrassUV01GrassUV01_Nd668f1e20ece139b.terrainlayer using Guid(f0a3f749b9ebd492fb8d38da27294077) Importer(815301076,1909f56bfc062723c751e8b465ee728b)  -> (artifact id: '42886e7919718f32aac5d88c37813e3f') in 0.368380 seconds 
========================================================================
Received Import Request.
  Time since last request: 75.165356 seconds.
  path: Assets/StarterAssets/FirstPersonController
  artifactKey: Guid(24b6cfc1f7567ec448cc19d73d593576) Importer(815301076,1909f56bfc062723c751e8b465ee728b)
Start importing Assets/StarterAssets/FirstPersonController using Guid(24b6cfc1f7567ec448cc19d73d593576) Importer(815301076,1909f56bfc062723c751e8b465ee728b)  -> (artifact id: '182c632c83f03354d7b017f2524ab8e8') in 0.002497 seconds 
========================================================================
Received Import Request.
  Time since last request: 1.223040 seconds.
  path: Assets/StarterAssets/FirstPersonController/Scripts
  artifactKey: Guid(d945aebbdf256954aadf016c19fcea09) Importer(815301076,1909f56bfc062723c751e8b465ee728b)
Start importing Assets/StarterAssets/FirstPersonController/Scripts using Guid(d945aebbdf256954aadf016c19fcea09) Importer(815301076,1909f56bfc062723c751e8b465ee728b)  -> (artifact id: '0bcf0144cfebfac7d3bc7b41f3d29a9c') in 0.002710 seconds 
========================================================================
Received Prepare
Registering precompiled user dll's ...
Registered in 0.003736 seconds.
Begin MonoManager ReloadAssembly
Native extension for OSXStandalone target not found
Refreshing native plugins compatible for Editor in 1.17 ms, found 2 plugins.
Preloading 0 native plugins for Editor in 0.00 ms.
Mono: successfully reloaded assembly
- Completed reload, in  1.745 seconds
Domain Reload Profiling:
	ReloadAssembly (1746ms)
		BeginReloadAssembly (172ms)
			ExecutionOrderSort (0ms)
			DisableScriptedObjects (7ms)
			BackupInstance (0ms)
			ReleaseScriptingObjects (0ms)
			CreateAndSetChildDomain (77ms)
		EndReloadAssembly (1421ms)
			LoadAssemblies (81ms)
			RebuildTransferFunctionScriptingTraits (0ms)
			SetupTypeCache (406ms)
			ReleaseScriptCaches (2ms)
			RebuildScriptCaches (77ms)
			SetupLoadedEditorAssemblies (767ms)
				LogAssemblyErrors (0ms)
				InitializePlatformSupportModulesInManaged (13ms)
				SetLoadedEditorAssemblies (1ms)
				RefreshPlugins (1ms)
				BeforeProcessingInitializeOnLoad (91ms)
				ProcessInitializeOnLoadAttributes (493ms)
				ProcessInitializeOnLoadMethodAttributes (166ms)
				AfterProcessingInitializeOnLoad (2ms)
				EditorAssembliesLoaded (0ms)
			ExecutionOrderSort2 (0ms)
			AwakeInstancesAfterBackupRestoration (6ms)
Platform modules already initialized, skipping
Refreshing native plugins compatible for Editor in 2.10 ms, found 2 plugins.
Preloading 0 native plugins for Editor in 0.00 ms.
Unloading 3898 Unused Serialized files (Serialized files now loaded: 0)
Unloading 25 unused Assets / (0.7 MB). Loaded Objects now: 4622.
Memory consumption went from 425.3 MB to 424.6 MB.
Total: 5.023804 ms (FindLiveObjects: 0.382454 ms CreateObjectMapping: 0.164973 ms MarkObjects: 4.039231 ms  DeleteObjects: 0.435644 ms)

AssetImportParameters requested are different than current active one (requested -> active):
  custom:video-decoder-ogg-theora: a1e56fd34408186e4bbccfd4996cb3dc -> 
  custom:container-muxer-webm: aa71ff27fc2769a1b78a27578f13a17b -> 
  custom:container-demuxer-webm: 4f35f7cbe854078d1ac9338744f61a02 -> 
  custom:video-encoder-webm-vp8: eb34c28f22e8b96e1ab97ce403110664 -> 
  custom:framework-osx-AVFoundation: b23960f63f64bdc6ff669e2cdcee2391 -> 
  custom:audio-encoder-webm-vorbis: bf7c407c2cedff20999df2af8eb42d56 -> 
  custom:container-demuxer-ogg: 62fdf1f143b41e24485cea50d1cbac27 -> 
  custom:video-decoder-webm-vp8: 9c59270c3fd7afecdb556c50c9e8de78 -> 
  custom:audio-decoder-ogg-vorbis: bf7c407c2cedff20999df2af8eb42d56 -> 
========================================================================
Received Prepare
Registering precompiled user dll's ...
Registered in 0.003867 seconds.
Begin MonoManager ReloadAssembly
Native extension for OSXStandalone target not found
Refreshing native plugins compatible for Editor in 0.85 ms, found 2 plugins.
Preloading 0 native plugins for Editor in 0.00 ms.
Mono: successfully reloaded assembly
- Completed reload, in  1.724 seconds
Domain Reload Profiling:
	ReloadAssembly (1726ms)
		BeginReloadAssembly (170ms)
			ExecutionOrderSort (0ms)
			DisableScriptedObjects (8ms)
			BackupInstance (0ms)
			ReleaseScriptingObjects (0ms)
			CreateAndSetChildDomain (77ms)
		EndReloadAssembly (1400ms)
			LoadAssemblies (79ms)
			RebuildTransferFunctionScriptingTraits (0ms)
			SetupTypeCache (409ms)
			ReleaseScriptCaches (2ms)
			RebuildScriptCaches (76ms)
			SetupLoadedEditorAssemblies (749ms)
				LogAssemblyErrors (0ms)
				InitializePlatformSupportModulesInManaged (12ms)
				SetLoadedEditorAssemblies (1ms)
				RefreshPlugins (1ms)
				BeforeProcessingInitializeOnLoad (85ms)
				ProcessInitializeOnLoadAttributes (485ms)
				ProcessInitializeOnLoadMethodAttributes (163ms)
				AfterProcessingInitializeOnLoad (2ms)
				EditorAssembliesLoaded (0ms)
			ExecutionOrderSort2 (0ms)
			AwakeInstancesAfterBackupRestoration (6ms)
Platform modules already initialized, skipping
Refreshing native plugins compatible for Editor in 1.91 ms, found 2 plugins.
Preloading 0 native plugins for Editor in 0.00 ms.
Unloading 3898 Unused Serialized files (Serialized files now loaded: 0)
Unloading 25 unused Assets / (0.7 MB). Loaded Objects now: 4637.
Memory consumption went from 425.6 MB to 424.9 MB.
Total: 5.282142 ms (FindLiveObjects: 0.356130 ms CreateObjectMapping: 0.252795 ms MarkObjects: 4.244421 ms  DeleteObjects: 0.427589 ms)

AssetImportParameters requested are different than current active one (requested -> active):
  custom:video-decoder-ogg-theora: a1e56fd34408186e4bbccfd4996cb3dc -> 
  custom:container-muxer-webm: aa71ff27fc2769a1b78a27578f13a17b -> 
  custom:container-demuxer-webm: 4f35f7cbe854078d1ac9338744f61a02 -> 
  custom:video-encoder-webm-vp8: eb34c28f22e8b96e1ab97ce403110664 -> 
  custom:framework-osx-AVFoundation: b23960f63f64bdc6ff669e2cdcee2391 -> 
  custom:audio-encoder-webm-vorbis: bf7c407c2cedff20999df2af8eb42d56 -> 
  custom:container-demuxer-ogg: 62fdf1f143b41e24485cea50d1cbac27 -> 
  custom:video-decoder-webm-vp8: 9c59270c3fd7afecdb556c50c9e8de78 -> 
  custom:audio-decoder-ogg-vorbis: bf7c407c2cedff20999df2af8eb42d56 -> 
========================================================================
Received Import Request.
  Time since last request: 612.528742 seconds.
  path: Assets/european-dragon/source
  artifactKey: Guid(98d70d62deda7480e90ae86651cabfd2) Importer(815301076,1909f56bfc062723c751e8b465ee728b)
Start importing Assets/european-dragon/source using Guid(98d70d62deda7480e90ae86651cabfd2) Importer(815301076,1909f56bfc062723c751e8b465ee728b)  -> (artifact id: '97d139632fb3bc6ab4a8e42d84b66d04') in 0.008569 seconds 
========================================================================
Received Import Request.
  Time since last request: 1.013453 seconds.
  path: Assets/european-dragon/source/Dragon_GameReady_Rig_&_Animations.zip
  artifactKey: Guid(bc8bf64cef885406481115b9cc5a1111) Importer(815301076,1909f56bfc062723c751e8b465ee728b)
Start importing Assets/european-dragon/source/Dragon_GameReady_Rig_&_Animations.zip using Guid(bc8bf64cef885406481115b9cc5a1111) Importer(815301076,1909f56bfc062723c751e8b465ee728b)  -> (artifact id: '417ff5a87cd282198792854aecc5027f') in 0.261326 seconds 
========================================================================
Received Import Request.
  Time since last request: 42.522251 seconds.
  path: Assets/european-dragon/textures
  artifactKey: Guid(bb9bbf689729240d89eb6ec8b78bc47c) Importer(815301076,1909f56bfc062723c751e8b465ee728b)
Start importing Assets/european-dragon/textures using Guid(bb9bbf689729240d89eb6ec8b78bc47c) Importer(815301076,1909f56bfc062723c751e8b465ee728b)  -> (artifact id: '181f2dae9b145a52c42eb77039469e18') in 0.002815 seconds 
========================================================================
Received Import Request.
  Time since last request: 0.071565 seconds.
  path: Assets/european-dragon/textures/Dragon Base Color 4K.png
  artifactKey: Guid(2dcbf5ac2628d4518a519785f622ee59) Importer(815301076,1909f56bfc062723c751e8b465ee728b)
Start importing Assets/european-dragon/textures/Dragon Base Color 4K.png using Guid(2dcbf5ac2628d4518a519785f622ee59) Importer(815301076,1909f56bfc062723c751e8b465ee728b)  -> (artifact id: '14c9cd2c1ca7def58e55b2d9e763a9c0') in 0.045788 seconds 
========================================================================
Received Import Request.
  Time since last request: 0.000084 seconds.
  path: Assets/european-dragon/textures/Teeth Lower Base Color 4k.png
  artifactKey: Guid(c238c975270794b19aaa68b076b7f715) Importer(815301076,1909f56bfc062723c751e8b465ee728b)
Start importing Assets/european-dragon/textures/Teeth Lower Base Color 4k.png using Guid(c238c975270794b19aaa68b076b7f715) Importer(815301076,1909f56bfc062723c751e8b465ee728b)  -> (artifact id: '4f3d34194b3beb71f2cf56ffb420850d') in 0.017560 seconds 
========================================================================
Received Import Request.
  Time since last request: 0.000076 seconds.
  path: Assets/european-dragon/textures/Teeth Upper Base Color 4k.png
  artifactKey: Guid(d27d447a72d1545e7b2d70432fc12110) Importer(815301076,1909f56bfc062723c751e8b465ee728b)
Start importing Assets/european-dragon/textures/Teeth Upper Base Color 4k.png using Guid(d27d447a72d1545e7b2d70432fc12110) Importer(815301076,1909f56bfc062723c751e8b465ee728b)  -> (artifact id: '7cf6b41848f78026bba735b821798742') in 0.015740 seconds 
========================================================================
Received Import Request.
  Time since last request: 0.000077 seconds.
  path: Assets/european-dragon/textures/Dragon Roughness 4K.png
  artifactKey: Guid(6c38af829b374444da6145e9a8442a61) Importer(815301076,1909f56bfc062723c751e8b465ee728b)
Start importing Assets/european-dragon/textures/Dragon Roughness 4K.png using Guid(6c38af829b374444da6145e9a8442a61) Importer(815301076,1909f56bfc062723c751e8b465ee728b)  -> (artifact id: '97dfde5a6996c97f3242b3fc50633c39') in 0.014503 seconds 
========================================================================
Received Import Request.
  Time since last request: 0.000090 seconds.
  path: Assets/european-dragon/textures/Eye Base Color 4K.png
  artifactKey: Guid(e5dea83a58d164190827fd67d6f86797) Importer(815301076,1909f56bfc062723c751e8b465ee728b)
Start importing Assets/european-dragon/textures/Eye Base Color 4K.png using Guid(e5dea83a58d164190827fd67d6f86797) Importer(815301076,1909f56bfc062723c751e8b465ee728b)  -> (artifact id: '4b14d751251b644673cae338162d53e0') in 0.013845 seconds 
========================================================================
Received Import Request.
  Time since last request: 11.805493 seconds.
  path: Assets/european-dragon/source/Dragon_GameReady_Rig_&_Animations/Textures/Dragon Base Color 4K.png
  artifactKey: Guid(ad941f58dafc14f6c9d04fa472a63993) Importer(815301076,1909f56bfc062723c751e8b465ee728b)
Start importing Assets/european-dragon/source/Dragon_GameReady_Rig_&_Animations/Textures/Dragon Base Color 4K.png using Guid(ad941f58dafc14f6c9d04fa472a63993) Importer(815301076,1909f56bfc062723c751e8b465ee728b)  -> (artifact id: '68058a33e8dab6f1938529b9318aca6b') in 0.013120 seconds 
========================================================================
Received Import Request.
  Time since last request: 0.000076 seconds.
  path: Assets/european-dragon/source/Dragon_GameReady_Rig_&_Animations/Textures/Eye Base Color 2k.png
  artifactKey: Guid(30ba8c705f369424c8521205c65f9b13) Importer(815301076,1909f56bfc062723c751e8b465ee728b)
Start importing Assets/european-dragon/source/Dragon_GameReady_Rig_&_Animations/Textures/Eye Base Color 2k.png using Guid(30ba8c705f369424c8521205c65f9b13) Importer(815301076,1909f56bfc062723c751e8b465ee728b)  -> (artifact id: '4cb67910d6571e0076fa97229d891917') in 0.012810 seconds 
========================================================================
Received Import Request.
  Time since last request: 0.000099 seconds.
  path: Assets/european-dragon/source/Dragon_GameReady_Rig_&_Animations/Textures/Dragon Roughness 2K.png
  artifactKey: Guid(65f86ba1c90424d3bb13bbad3eecf83e) Importer(815301076,1909f56bfc062723c751e8b465ee728b)
Start importing Assets/european-dragon/source/Dragon_GameReady_Rig_&_Animations/Textures/Dragon Roughness 2K.png using Guid(65f86ba1c90424d3bb13bbad3eecf83e) Importer(815301076,1909f56bfc062723c751e8b465ee728b)  -> (artifact id: '0a30ea62babf66dd5b2471764e405053') in 0.013275 seconds 
========================================================================
Received Import Request.
  Time since last request: 0.000094 seconds.
  path: Assets/european-dragon/source/Dragon_GameReady_Rig_&_Animations/Textures/Teeth Lower Base Color 4k.png
  artifactKey: Guid(73b8e2d8d4b9548baae751d7d1844c9c) Importer(815301076,1909f56bfc062723c751e8b465ee728b)
Start importing Assets/european-dragon/source/Dragon_GameReady_Rig_&_Animations/Textures/Teeth Lower Base Color 4k.png using Guid(73b8e2d8d4b9548baae751d7d1844c9c) Importer(815301076,1909f56bfc062723c751e8b465ee728b)  -> (artifact id: 'a994564fae0e0ee98dda00b6d278a1cc') in 0.012641 seconds 
========================================================================
Received Import Request.
  Time since last request: 0.000077 seconds.
  path: Assets/european-dragon/source/Dragon_GameReady_Rig_&_Animations/Textures/Dragon Normal 4K.png
  artifactKey: Guid(b0e2fd912156c4f86950788ce22b2635) Importer(815301076,1909f56bfc062723c751e8b465ee728b)
Start importing Assets/european-dragon/source/Dragon_GameReady_Rig_&_Animations/Textures/Dragon Normal 4K.png using Guid(b0e2fd912156c4f86950788ce22b2635) Importer(815301076,1909f56bfc062723c751e8b465ee728b)  -> (artifact id: '1c642968b2005c5fb3e78d57cf2b3354') in 0.040184 seconds 
========================================================================
Received Import Request.
  Time since last request: 0.000060 seconds.
  path: Assets/european-dragon/source/Dragon_GameReady_Rig_&_Animations/Textures/Teeth Upper Base Color 4k.png
  artifactKey: Guid(6bff5e28ace00416ab22cf3d52f870a3) Importer(815301076,1909f56bfc062723c751e8b465ee728b)
Start importing Assets/european-dragon/source/Dragon_GameReady_Rig_&_Animations/Textures/Teeth Upper Base Color 4k.png using Guid(6bff5e28ace00416ab22cf3d52f870a3) Importer(815301076,1909f56bfc062723c751e8b465ee728b)  -> (artifact id: 'f5484cd7d06c159edddcc0ae7ccb35b1') in 0.013646 seconds 
Editor requested this worker to shutdown with reason: Scaling down because of idle timeout
AssetImportWorker is now disconnected from the server
Process exiting
